Drill report for u2CEM.kicad_pcb
Created on 2026-03-10T14:28:44-0500

Copper Layer Stackup:
    =============================================================
    L1 :  F.Cu                      front
    L2 :  In1.Cu                    in1
    L3 :  In2.Cu                    in2
    L4 :  In3.Cu                    in3
    L5 :  In4.Cu                    in4
    L6 :  B.Cu                      back


Drill file 'u2CEM-PTH.drl' contains
    plated through holes:
    =============================================================
    T1  0.203mm  0.0080"  (177 holes)

    Total plated holes count 177


Drill file 'u2CEM-NPTH.drl' contains
    unplated through holes:
    =============================================================
    T1  1.250mm  0.0492"  (1 hole)
    T2  1.650mm  0.0650"  (1 hole)
    T3  3.200mm  0.1260"  (5 holes)

    Total unplated holes count 7
